<?xml version="1.0" encoding="UTF-8"?>
<testng-results skipped="0" failed="1" total="5" passed="4">
  <reporter-output>
  </reporter-output>
  <suite name="Suite" duration-ms="67501" started-at="2017-12-06T14:27:55Z" finished-at="2017-12-06T14:29:03Z">
    <groups>
    </groups>
    <test name="Test1" duration-ms="67501" started-at="2017-12-06T14:27:55Z" finished-at="2017-12-06T14:29:03Z">
      <class name="parallelExecution.com.thinksys.parallelExecution.LoginTestCases">
        <test-method status="PASS" signature="setup()[pri:0, instance:parallelExecution.com.thinksys.parallelExecution.LoginTestCases@59fa1d9b]" name="setup" is-config="true" duration-ms="217" started-at="2017-12-06T19:57:55Z" finished-at="2017-12-06T19:57:55Z">
          <reporter-output>
          </reporter-output>
        </test-method> <!-- setup -->
        <test-method status="PASS" signature="beforeTest(java.lang.String)[pri:0, instance:parallelExecution.com.thinksys.parallelExecution.LoginTestCases@59fa1d9b]" name="beforeTest" is-config="true" duration-ms="2820" started-at="2017-12-06T19:57:55Z" finished-at="2017-12-06T19:57:58Z">
          <params>
            <param index="0">
              <value>
                <![CDATA[chrome]]>
              </value>
            </param>
          </params>
          <reporter-output>
          </reporter-output>
        </test-method> <!-- beforeTest -->
        <test-method status="PASS" signature="login()[pri:0, instance:parallelExecution.com.thinksys.parallelExecution.LoginTestCases@59fa1d9b]" name="login" duration-ms="9488" started-at="2017-12-06T19:57:58Z" finished-at="2017-12-06T19:58:07Z">
          <reporter-output>
          </reporter-output>
        </test-method> <!-- login -->
        <test-method status="PASS" signature="teardownMethod(org.testng.ITestResult)[pri:0, instance:parallelExecution.com.thinksys.parallelExecution.LoginTestCases@59fa1d9b]" name="teardownMethod" is-config="true" duration-ms="1213" started-at="2017-12-06T19:58:07Z" finished-at="2017-12-06T19:58:09Z">
          <params>
            <param index="0">
              <value>
                <![CDATA[[TestResult name=login status=SUCCESS method=LoginTestCases.login()[pri:0, instance:parallelExecution.com.thinksys.parallelExecution.LoginTestCases@59fa1d9b] output={null}]]]>
              </value>
            </param>
          </params>
          <reporter-output>
          </reporter-output>
        </test-method> <!-- teardownMethod -->
        <test-method status="PASS" signature="beforeTest(java.lang.String)[pri:0, instance:parallelExecution.com.thinksys.parallelExecution.LoginTestCases@59fa1d9b]" name="beforeTest" is-config="true" duration-ms="1976" started-at="2017-12-06T19:58:09Z" finished-at="2017-12-06T19:58:11Z">
          <params>
            <param index="0">
              <value>
                <![CDATA[chrome]]>
              </value>
            </param>
          </params>
          <reporter-output>
          </reporter-output>
        </test-method> <!-- beforeTest -->
        <test-method status="PASS" signature="loginWithIncorrectPassword()[pri:0, instance:parallelExecution.com.thinksys.parallelExecution.LoginTestCases@59fa1d9b]" name="loginWithIncorrectPassword" duration-ms="6776" started-at="2017-12-06T19:58:11Z" finished-at="2017-12-06T19:58:17Z">
          <reporter-output>
          </reporter-output>
        </test-method> <!-- loginWithIncorrectPassword -->
        <test-method status="PASS" signature="teardownMethod(org.testng.ITestResult)[pri:0, instance:parallelExecution.com.thinksys.parallelExecution.LoginTestCases@59fa1d9b]" name="teardownMethod" is-config="true" duration-ms="1167" started-at="2017-12-06T19:58:17Z" finished-at="2017-12-06T19:58:18Z">
          <params>
            <param index="0">
              <value>
                <![CDATA[[TestResult name=loginWithIncorrectPassword status=SUCCESS method=LoginTestCases.loginWithIncorrectPassword()[pri:0, instance:parallelExecution.com.thinksys.parallelExecution.LoginTestCases@59fa1d9b] output={null}]]]>
              </value>
            </param>
          </params>
          <reporter-output>
          </reporter-output>
        </test-method> <!-- teardownMethod -->
        <test-method status="PASS" signature="afterSuite()[pri:0, instance:parallelExecution.com.thinksys.parallelExecution.LoginTestCases@59fa1d9b]" name="afterSuite" is-config="true" duration-ms="2" started-at="2017-12-06T19:59:03Z" finished-at="2017-12-06T19:59:03Z">
          <reporter-output>
          </reporter-output>
        </test-method> <!-- afterSuite -->
      </class> <!-- parallelExecution.com.thinksys.parallelExecution.LoginTestCases -->
      <class name="parallelExecution.com.thinksys.parallelExecution.RegistrationTestCases">
        <test-method status="PASS" signature="beforeTest(java.lang.String)[pri:0, instance:parallelExecution.com.thinksys.parallelExecution.RegistrationTestCases@6f7fd0e6]" name="beforeTest" is-config="true" duration-ms="2053" started-at="2017-12-06T19:58:18Z" finished-at="2017-12-06T19:58:21Z">
          <params>
            <param index="0">
              <value>
                <![CDATA[chrome]]>
              </value>
            </param>
          </params>
          <reporter-output>
          </reporter-output>
        </test-method> <!-- beforeTest -->
        <test-method status="FAIL" signature="registration()[pri:0, instance:parallelExecution.com.thinksys.parallelExecution.RegistrationTestCases@6f7fd0e6]" name="registration" duration-ms="14832" started-at="2017-12-06T19:58:21Z" finished-at="2017-12-06T19:58:35Z">
          <exception class="org.openqa.selenium.NoSuchElementException">
            <message>
              <![CDATA[no such element: Unable to locate element: {"method":"id","selector":"firstname"}
  (Session info: chrome=62.0.3202.94)
  (Driver info: chromedriver=2.33.506120 (e3e53437346286c0bc2d2dc9aa4915ba81d9023f),platform=Windows NT 6.1.7601 SP1 x86_64) (WARNING: The server did not provide any stacktrace information)
Command duration or timeout: 0 milliseconds
For documentation on this error, please visit: http://seleniumhq.org/exceptions/no_such_element.html
Build info: version: '3.6.0', revision: '6fbf3ec767', time: '2017-09-27T15:28:36.4Z'
System info: host: 'CPU0057', ip: '192.168.56.1', os.name: 'Windows 7', os.arch: 'amd64', os.version: '6.1', java.version: '1.8.0_121'
Driver info: org.openqa.selenium.chrome.ChromeDriver
Capabilities [{mobileEmulationEnabled=false, hasTouchScreen=false, platform=XP, acceptSslCerts=true, webStorageEnabled=true, browserName=chrome, takesScreenshot=true, javascriptEnabled=true, platformName=XP, setWindowRect=true, unexpectedAlertBehaviour=, applicationCacheEnabled=false, rotatable=false, networkConnectionEnabled=false, chrome={chromedriverVersion=2.33.506120 (e3e53437346286c0bc2d2dc9aa4915ba81d9023f), userDataDir=C:\Users\THINKS~1\AppData\Local\Temp\scoped_dir5836_22049}, takesHeapSnapshot=true, pageLoadStrategy=normal, unhandledPromptBehavior=, databaseEnabled=false, handlesAlerts=true, version=62.0.3202.94, browserConnectionEnabled=false, nativeEvents=true, locationContextEnabled=true, cssSelectorsEnabled=true}]
Session ID: 668103c9748ddd6502f462eda3b7a975
*** Element info: {Using=id, value=firstname}]]>
            </message>
            <full-stacktrace>
              <![CDATA[org.openqa.selenium.NoSuchElementException: no such element: Unable to locate element: {"method":"id","selector":"firstname"}
  (Session info: chrome=62.0.3202.94)
  (Driver info: chromedriver=2.33.506120 (e3e53437346286c0bc2d2dc9aa4915ba81d9023f),platform=Windows NT 6.1.7601 SP1 x86_64) (WARNING: The server did not provide any stacktrace information)
Command duration or timeout: 0 milliseconds
For documentation on this error, please visit: http://seleniumhq.org/exceptions/no_such_element.html
Build info: version: '3.6.0', revision: '6fbf3ec767', time: '2017-09-27T15:28:36.4Z'
System info: host: 'CPU0057', ip: '192.168.56.1', os.name: 'Windows 7', os.arch: 'amd64', os.version: '6.1', java.version: '1.8.0_121'
Driver info: org.openqa.selenium.chrome.ChromeDriver
Capabilities [{mobileEmulationEnabled=false, hasTouchScreen=false, platform=XP, acceptSslCerts=true, webStorageEnabled=true, browserName=chrome, takesScreenshot=true, javascriptEnabled=true, platformName=XP, setWindowRect=true, unexpectedAlertBehaviour=, applicationCacheEnabled=false, rotatable=false, networkConnectionEnabled=false, chrome={chromedriverVersion=2.33.506120 (e3e53437346286c0bc2d2dc9aa4915ba81d9023f), userDataDir=C:\Users\THINKS~1\AppData\Local\Temp\scoped_dir5836_22049}, takesHeapSnapshot=true, pageLoadStrategy=normal, unhandledPromptBehavior=, databaseEnabled=false, handlesAlerts=true, version=62.0.3202.94, browserConnectionEnabled=false, nativeEvents=true, locationContextEnabled=true, cssSelectorsEnabled=true}]
Session ID: 668103c9748ddd6502f462eda3b7a975
*** Element info: {Using=id, value=firstname}
	at sun.reflect.NativeConstructorAccessorImpl.newInstance0(Native Method)
	at sun.reflect.NativeConstructorAccessorImpl.newInstance(Unknown Source)
	at sun.reflect.DelegatingConstructorAccessorImpl.newInstance(Unknown Source)
	at java.lang.reflect.Constructor.newInstance(Unknown Source)
	at org.openqa.selenium.remote.ErrorHandler.createThrowable(ErrorHandler.java:214)
	at org.openqa.selenium.remote.ErrorHandler.throwIfResponseFailed(ErrorHandler.java:166)
	at org.openqa.selenium.remote.http.JsonHttpResponseCodec.reconstructValue(JsonHttpResponseCodec.java:40)
	at org.openqa.selenium.remote.http.AbstractHttpResponseCodec.decode(AbstractHttpResponseCodec.java:82)
	at org.openqa.selenium.remote.http.AbstractHttpResponseCodec.decode(AbstractHttpResponseCodec.java:45)
	at org.openqa.selenium.remote.HttpCommandExecutor.execute(HttpCommandExecutor.java:164)
	at org.openqa.selenium.remote.service.DriverCommandExecutor.execute(DriverCommandExecutor.java:83)
	at org.openqa.selenium.remote.RemoteWebDriver.execute(RemoteWebDriver.java:586)
	at org.openqa.selenium.remote.RemoteWebDriver.findElement(RemoteWebDriver.java:356)
	at org.openqa.selenium.remote.RemoteWebDriver.findElementById(RemoteWebDriver.java:402)
	at org.openqa.selenium.By$ById.findElement(By.java:218)
	at org.openqa.selenium.remote.RemoteWebDriver.findElement(RemoteWebDriver.java:348)
	at org.openqa.selenium.support.pagefactory.DefaultElementLocator.findElement(DefaultElementLocator.java:69)
	at org.openqa.selenium.support.pagefactory.internal.LocatingElementHandler.invoke(LocatingElementHandler.java:38)
	at com.sun.proxy.$Proxy12.sendKeys(Unknown Source)
	at pages1.RegistrationPage.enterFirstName(RegistrationPage.java:44)
	at pages1.RegistrationPage.registrationSuccessful(RegistrationPage.java:95)
	at parallelExecution.com.thinksys.parallelExecution.RegistrationTestCases.registration(RegistrationTestCases.java:23)
	at sun.reflect.NativeMethodAccessorImpl.invoke0(Native Method)
	at sun.reflect.NativeMethodAccessorImpl.invoke(Unknown Source)
	at sun.reflect.DelegatingMethodAccessorImpl.invoke(Unknown Source)
	at java.lang.reflect.Method.invoke(Unknown Source)
	at org.testng.internal.MethodInvocationHelper.invokeMethod(MethodInvocationHelper.java:85)
	at org.testng.internal.Invoker.invokeMethod(Invoker.java:639)
	at org.testng.internal.Invoker.invokeTestMethod(Invoker.java:821)
	at org.testng.internal.Invoker.invokeTestMethods(Invoker.java:1131)
	at org.testng.internal.TestMethodWorker.invokeTestMethods(TestMethodWorker.java:124)
	at org.testng.internal.TestMethodWorker.run(TestMethodWorker.java:108)
	at org.testng.TestRunner.privateRun(TestRunner.java:773)
	at org.testng.TestRunner.run(TestRunner.java:623)
	at org.testng.SuiteRunner.runTest(SuiteRunner.java:357)
	at org.testng.SuiteRunner.runSequentially(SuiteRunner.java:352)
	at org.testng.SuiteRunner.privateRun(SuiteRunner.java:310)
	at org.testng.SuiteRunner.run(SuiteRunner.java:259)
	at org.testng.SuiteRunnerWorker.runSuite(SuiteRunnerWorker.java:52)
	at org.testng.SuiteRunnerWorker.run(SuiteRunnerWorker.java:86)
	at org.testng.TestNG.runSuitesSequentially(TestNG.java:1185)
	at org.testng.TestNG.runSuitesLocally(TestNG.java:1110)
	at org.testng.TestNG.run(TestNG.java:1018)
	at org.testng.remote.AbstractRemoteTestNG.run(AbstractRemoteTestNG.java:114)
	at org.testng.remote.RemoteTestNG.initAndRun(RemoteTestNG.java:251)
	at org.testng.remote.RemoteTestNG.main(RemoteTestNG.java:77)
]]>
            </full-stacktrace>
          </exception> <!-- org.openqa.selenium.NoSuchElementException -->
          <reporter-output>
          </reporter-output>
        </test-method> <!-- registration -->
        <test-method status="PASS" signature="teardownMethod(org.testng.ITestResult)[pri:0, instance:parallelExecution.com.thinksys.parallelExecution.RegistrationTestCases@6f7fd0e6]" name="teardownMethod" is-config="true" duration-ms="1151" started-at="2017-12-06T19:58:35Z" finished-at="2017-12-06T19:58:37Z">
          <params>
            <param index="0">
              <value>
                <![CDATA[[TestResult name=registration status=FAILURE method=RegistrationTestCases.registration()[pri:0, instance:parallelExecution.com.thinksys.parallelExecution.RegistrationTestCases@6f7fd0e6] output={null}]]]>
              </value>
            </param>
          </params>
          <reporter-output>
          </reporter-output>
        </test-method> <!-- teardownMethod -->
        <test-method status="PASS" signature="beforeTest(java.lang.String)[pri:0, instance:parallelExecution.com.thinksys.parallelExecution.RegistrationTestCases@6f7fd0e6]" name="beforeTest" is-config="true" duration-ms="2014" started-at="2017-12-06T19:58:37Z" finished-at="2017-12-06T19:58:39Z">
          <params>
            <param index="0">
              <value>
                <![CDATA[chrome]]>
              </value>
            </param>
          </params>
          <reporter-output>
          </reporter-output>
        </test-method> <!-- beforeTest -->
        <test-method status="PASS" signature="registrationWithExistingEmail()[pri:0, instance:parallelExecution.com.thinksys.parallelExecution.RegistrationTestCases@6f7fd0e6]" name="registrationWithExistingEmail" duration-ms="12199" started-at="2017-12-06T19:58:39Z" finished-at="2017-12-06T19:58:51Z">
          <reporter-output>
          </reporter-output>
        </test-method> <!-- registrationWithExistingEmail -->
        <test-method status="PASS" signature="teardownMethod(org.testng.ITestResult)[pri:0, instance:parallelExecution.com.thinksys.parallelExecution.RegistrationTestCases@6f7fd0e6]" name="teardownMethod" is-config="true" duration-ms="1138" started-at="2017-12-06T19:58:51Z" finished-at="2017-12-06T19:58:52Z">
          <params>
            <param index="0">
              <value>
                <![CDATA[[TestResult name=registrationWithExistingEmail status=SUCCESS method=RegistrationTestCases.registrationWithExistingEmail()[pri:0, instance:parallelExecution.com.thinksys.parallelExecution.RegistrationTestCases@6f7fd0e6] output={null}]]]>
              </value>
            </param>
          </params>
          <reporter-output>
          </reporter-output>
        </test-method> <!-- teardownMethod -->
        <test-method status="PASS" signature="beforeTest(java.lang.String)[pri:0, instance:parallelExecution.com.thinksys.parallelExecution.RegistrationTestCases@6f7fd0e6]" name="beforeTest" is-config="true" duration-ms="1998" started-at="2017-12-06T19:58:52Z" finished-at="2017-12-06T19:58:54Z">
          <params>
            <param index="0">
              <value>
                <![CDATA[chrome]]>
              </value>
            </param>
          </params>
          <reporter-output>
          </reporter-output>
        </test-method> <!-- beforeTest -->
        <test-method status="PASS" signature="verifyAccountInfoAfterRegistration()[pri:0, instance:parallelExecution.com.thinksys.parallelExecution.RegistrationTestCases@6f7fd0e6]" name="verifyAccountInfoAfterRegistration" duration-ms="7423" started-at="2017-12-06T19:58:54Z" finished-at="2017-12-06T19:59:01Z">
          <reporter-output>
          </reporter-output>
        </test-method> <!-- verifyAccountInfoAfterRegistration -->
        <test-method status="PASS" signature="teardownMethod(org.testng.ITestResult)[pri:0, instance:parallelExecution.com.thinksys.parallelExecution.RegistrationTestCases@6f7fd0e6]" name="teardownMethod" is-config="true" duration-ms="1226" started-at="2017-12-06T19:59:01Z" finished-at="2017-12-06T19:59:03Z">
          <params>
            <param index="0">
              <value>
                <![CDATA[[TestResult name=verifyAccountInfoAfterRegistration status=SUCCESS method=RegistrationTestCases.verifyAccountInfoAfterRegistration()[pri:0, instance:parallelExecution.com.thinksys.parallelExecution.RegistrationTestCases@6f7fd0e6] output={null}]]]>
              </value>
            </param>
          </params>
          <reporter-output>
          </reporter-output>
        </test-method> <!-- teardownMethod -->
      </class> <!-- parallelExecution.com.thinksys.parallelExecution.RegistrationTestCases -->
    </test> <!-- Test1 -->
  </suite> <!-- Suite -->
</testng-results>
